<?xml version="1.0" encoding="UTF-8"?>
<coverage generated="1641516465856" clover="3.2.0">
  <project timestamp="1641516465856" name="All files">
    <metrics statements="16" coveredstatements="15" conditionals="1" coveredconditionals="0" methods="4" coveredmethods="4" elements="21" coveredelements="19" complexity="0" loc="16" ncloc="16" packages="2" files="2" classes="2"/>
    <package name="src">
      <metrics statements="8" coveredstatements="8" conditionals="0" coveredconditionals="0" methods="3" coveredmethods="3"/>
      <file name="app.ts" path="/Users/cuip/Desktop/nodejs-boiler/src/app.ts">
        <metrics statements="8" coveredstatements="8" conditionals="0" coveredconditionals="0" methods="3" coveredmethods="3"/>
        <line num="1" count="1" type="stmt"/>
        <line num="2" count="1" type="stmt"/>
        <line num="7" count="1" type="stmt"/>
        <line num="12" count="1" type="stmt"/>
        <line num="13" count="1" type="stmt"/>
        <line num="14" count="1" type="stmt"/>
        <line num="18" count="1" type="stmt"/>
        <line num="22" count="1" type="stmt"/>
      </file>
    </package>
    <package name="tests">
      <metrics statements="8" coveredstatements="7" conditionals="1" coveredconditionals="0" methods="1" coveredmethods="1"/>
      <file name="init.ts" path="/Users/cuip/Desktop/nodejs-boiler/tests/init.ts">
        <metrics statements="8" coveredstatements="7" conditionals="1" coveredconditionals="0" methods="1" coveredmethods="1"/>
        <line num="1" count="1" type="stmt"/>
        <line num="5" count="1" type="stmt"/>
        <line num="9" count="1" type="cond" truecount="0" falsecount="1"/>
        <line num="10" count="0" type="stmt"/>
        <line num="12" count="1" type="stmt"/>
        <line num="13" count="1" type="stmt"/>
        <line num="14" count="1" type="stmt"/>
        <line num="16" count="1" type="stmt"/>
      </file>
    </package>
  </project>
</coverage>
