{
  "/Users/cuip/Desktop/nodejs-boiler/src/app.ts": {
    "path": "/Users/cuip/Desktop/nodejs-boiler/src/app.ts",
    "statementMap": {
      "0": { "start": { "line": 1, "column": 0 }, "end": { "line": 1, "column": 30 } },
      "1": { "start": { "line": 2, "column": 0 }, "end": { "line": 2, "column": 24 } },
      "2": { "start": { "line": 12, "column": 4 }, "end": { "line": 12, "column": 29 } },
      "3": { "start": { "line": 13, "column": 4 }, "end": { "line": 13, "column": 54 } },
      "4": { "start": { "line": 14, "column": 4 }, "end": { "line": 14, "column": 18 } },
      "5": { "start": { "line": 18, "column": 4 }, "end": { "line": 18, "column": 42 } },
      "6": { "start": { "line": 22, "column": 4 }, "end": { "line": 22, "column": 41 } },
      "7": { "start": { "line": 7, "column": 0 }, "end": { "line": 7, "column": 21 } }
    },
    "fnMap": {
      "0": {
        "name": "(anonymous_1)",
        "decl": { "start": { "line": 11, "column": 9 }, "end": { "line": 11, "column": 14 } },
        "loc": { "start": { "line": 11, "column": 19 }, "end": { "line": 15, "column": 3 } }
      },
      "1": {
        "name": "(anonymous_2)",
        "decl": { "start": { "line": 17, "column": 10 }, "end": { "line": 17, "column": 16 } },
        "loc": { "start": { "line": 17, "column": 16 }, "end": { "line": 19, "column": 3 } }
      },
      "2": {
        "name": "(anonymous_3)",
        "decl": { "start": { "line": 21, "column": 10 }, "end": { "line": 21, "column": 19 } },
        "loc": { "start": { "line": 21, "column": 48 }, "end": { "line": 23, "column": 3 } }
      }
    },
    "branchMap": {},
    "s": { "0": 1, "1": 1, "2": 1, "3": 1, "4": 1, "5": 1, "6": 1, "7": 1 },
    "f": { "0": 1, "1": 1, "2": 1 },
    "b": {}
  },
  "/Users/cuip/Desktop/nodejs-boiler/tests/init.ts": {
    "path": "/Users/cuip/Desktop/nodejs-boiler/tests/init.ts",
    "statementMap": {
      "0": { "start": { "line": 1, "column": 0 }, "end": { "line": 1, "column": 29 } },
      "1": { "start": { "line": 9, "column": 4 }, "end": { "line": 11, "column": null } },
      "2": { "start": { "line": 10, "column": 6 }, "end": { "line": 10, "column": 30 } },
      "3": { "start": { "line": 12, "column": 21 }, "end": { "line": 12, "column": 30 } },
      "4": { "start": { "line": 13, "column": 4 }, "end": { "line": 13, "column": 21 } },
      "5": { "start": { "line": 14, "column": 4 }, "end": { "line": 14, "column": 35 } },
      "6": { "start": { "line": 16, "column": 4 }, "end": { "line": 16, "column": 28 } },
      "7": { "start": { "line": 5, "column": 0 }, "end": { "line": 5, "column": 21 } }
    },
    "fnMap": {
      "0": {
        "name": "(anonymous_1)",
        "decl": { "start": { "line": 8, "column": 9 }, "end": { "line": 8, "column": 15 } },
        "loc": { "start": { "line": 8, "column": 34 }, "end": { "line": 17, "column": 3 } }
      }
    },
    "branchMap": {
      "0": {
        "loc": { "start": { "line": 9, "column": 4 }, "end": { "line": 11, "column": null } },
        "type": "if",
        "locations": [
          { "start": { "line": 9, "column": 4 }, "end": { "line": 11, "column": null } }
        ]
      }
    },
    "s": { "0": 1, "1": 1, "2": 0, "3": 1, "4": 1, "5": 1, "6": 1, "7": 1 },
    "f": { "0": 1 },
    "b": { "0": [0] }
  }
}
